Determining if the pthread_create exist failed with the following output:
Change Dir: /opt/crtx_vision_module/build/usb_cam/CMakeFiles/CMakeTmp

Run Build Command:"/usr/bin/make" "cmTC_fe768/fast"
/usr/bin/make -f CMakeFiles/cmTC_fe768.dir/build.make CMakeFiles/cmTC_fe768.dir/build
make[1]: Entering directory '/opt/crtx_vision_module/build/usb_cam/CMakeFiles/CMakeTmp'
Building C object CMakeFiles/cmTC_fe768.dir/CheckSymbolExists.c.o
/usr/bin/cc    -o CMakeFiles/cmTC_fe768.dir/CheckSymbolExists.c.o   -c /opt/crtx_vision_module/build/usb_cam/CMakeFiles/CMakeTmp/CheckSymbolExists.c
Linking C executable cmTC_fe768
/usr/bin/cmake -E cmake_link_script CMakeFiles/cmTC_fe768.dir/link.txt --verbose=1
/usr/bin/cc      -rdynamic CMakeFiles/cmTC_fe768.dir/CheckSymbolExists.c.o  -o cmTC_fe768 
CMakeFiles/cmTC_fe768.dir/CheckSymbolExists.c.o: In function `main':
CheckSymbolExists.c:(.text+0x1b): undefined reference to `pthread_create'
collect2: error: ld returned 1 exit status
CMakeFiles/cmTC_fe768.dir/build.make:97: recipe for target 'cmTC_fe768' failed
make[1]: *** [cmTC_fe768] Error 1
make[1]: Leaving directory '/opt/crtx_vision_module/build/usb_cam/CMakeFiles/CMakeTmp'
Makefile:126: recipe for target 'cmTC_fe768/fast' failed
make: *** [cmTC_fe768/fast] Error 2

File /opt/crtx_vision_module/build/usb_cam/CMakeFiles/CMakeTmp/CheckSymbolExists.c:
/* */
#include <pthread.h>

int main(int argc, char** argv)
{
  (void)argv;
#ifndef pthread_create
  return ((int*)(&pthread_create))[argc];
#else
  (void)argc;
  return 0;
#endif
}

Determining if the function pthread_create exists in the pthreads failed with the following output:
Change Dir: /opt/crtx_vision_module/build/usb_cam/CMakeFiles/CMakeTmp

Run Build Command:"/usr/bin/make" "cmTC_62f3b/fast"
/usr/bin/make -f CMakeFiles/cmTC_62f3b.dir/build.make CMakeFiles/cmTC_62f3b.dir/build
make[1]: Entering directory '/opt/crtx_vision_module/build/usb_cam/CMakeFiles/CMakeTmp'
Building C object CMakeFiles/cmTC_62f3b.dir/CheckFunctionExists.c.o
/usr/bin/cc   -DCHECK_FUNCTION_EXISTS=pthread_create   -o CMakeFiles/cmTC_62f3b.dir/CheckFunctionExists.c.o   -c /usr/share/cmake-3.10/Modules/CheckFunctionExists.c
Linking C executable cmTC_62f3b
/usr/bin/cmake -E cmake_link_script CMakeFiles/cmTC_62f3b.dir/link.txt --verbose=1
/usr/bin/cc  -DCHECK_FUNCTION_EXISTS=pthread_create    -rdynamic CMakeFiles/cmTC_62f3b.dir/CheckFunctionExists.c.o  -o cmTC_62f3b -lpthreads 
/usr/bin/ld: cannot find -lpthreads
collect2: error: ld returned 1 exit status
CMakeFiles/cmTC_62f3b.dir/build.make:97: recipe for target 'cmTC_62f3b' failed
make[1]: *** [cmTC_62f3b] Error 1
make[1]: Leaving directory '/opt/crtx_vision_module/build/usb_cam/CMakeFiles/CMakeTmp'
Makefile:126: recipe for target 'cmTC_62f3b/fast' failed
make: *** [cmTC_62f3b/fast] Error 2


