Determining if the pthread_create exist failed with the following output:
Change Dir: /opt/crtx_vision_module/build/aruco_gazebo/CMakeFiles/CMakeTmp

Run Build Command:"/usr/bin/make" "cmTC_9cc9a/fast"
/usr/bin/make -f CMakeFiles/cmTC_9cc9a.dir/build.make CMakeFiles/cmTC_9cc9a.dir/build
make[1]: Entering directory '/opt/crtx_vision_module/build/aruco_gazebo/CMakeFiles/CMakeTmp'
Building C object CMakeFiles/cmTC_9cc9a.dir/CheckSymbolExists.c.o
/usr/bin/cc    -o CMakeFiles/cmTC_9cc9a.dir/CheckSymbolExists.c.o   -c /opt/crtx_vision_module/build/aruco_gazebo/CMakeFiles/CMakeTmp/CheckSymbolExists.c
Linking C executable cmTC_9cc9a
/usr/bin/cmake -E cmake_link_script CMakeFiles/cmTC_9cc9a.dir/link.txt --verbose=1
/usr/bin/cc      -rdynamic CMakeFiles/cmTC_9cc9a.dir/CheckSymbolExists.c.o  -o cmTC_9cc9a 
CMakeFiles/cmTC_9cc9a.dir/CheckSymbolExists.c.o: In function `main':
CheckSymbolExists.c:(.text+0x1b): undefined reference to `pthread_create'
collect2: error: ld returned 1 exit status
CMakeFiles/cmTC_9cc9a.dir/build.make:97: recipe for target 'cmTC_9cc9a' failed
make[1]: *** [cmTC_9cc9a] Error 1
make[1]: Leaving directory '/opt/crtx_vision_module/build/aruco_gazebo/CMakeFiles/CMakeTmp'
Makefile:126: recipe for target 'cmTC_9cc9a/fast' failed
make: *** [cmTC_9cc9a/fast] Error 2

File /opt/crtx_vision_module/build/aruco_gazebo/CMakeFiles/CMakeTmp/CheckSymbolExists.c:
/* */
#include <pthread.h>

int main(int argc, char** argv)
{
  (void)argv;
#ifndef pthread_create
  return ((int*)(&pthread_create))[argc];
#else
  (void)argc;
  return 0;
#endif
}

Determining if the function pthread_create exists in the pthreads failed with the following output:
Change Dir: /opt/crtx_vision_module/build/aruco_gazebo/CMakeFiles/CMakeTmp

Run Build Command:"/usr/bin/make" "cmTC_df90f/fast"
/usr/bin/make -f CMakeFiles/cmTC_df90f.dir/build.make CMakeFiles/cmTC_df90f.dir/build
make[1]: Entering directory '/opt/crtx_vision_module/build/aruco_gazebo/CMakeFiles/CMakeTmp'
Building C object CMakeFiles/cmTC_df90f.dir/CheckFunctionExists.c.o
/usr/bin/cc   -DCHECK_FUNCTION_EXISTS=pthread_create   -o CMakeFiles/cmTC_df90f.dir/CheckFunctionExists.c.o   -c /usr/share/cmake-3.10/Modules/CheckFunctionExists.c
Linking C executable cmTC_df90f
/usr/bin/cmake -E cmake_link_script CMakeFiles/cmTC_df90f.dir/link.txt --verbose=1
/usr/bin/cc  -DCHECK_FUNCTION_EXISTS=pthread_create    -rdynamic CMakeFiles/cmTC_df90f.dir/CheckFunctionExists.c.o  -o cmTC_df90f -lpthreads 
/usr/bin/ld: cannot find -lpthreads
collect2: error: ld returned 1 exit status
CMakeFiles/cmTC_df90f.dir/build.make:97: recipe for target 'cmTC_df90f' failed
make[1]: *** [cmTC_df90f] Error 1
make[1]: Leaving directory '/opt/crtx_vision_module/build/aruco_gazebo/CMakeFiles/CMakeTmp'
Makefile:126: recipe for target 'cmTC_df90f/fast' failed
make: *** [cmTC_df90f/fast] Error 2


