Determining if the pthread_create exist failed with the following output:
Change Dir: /opt/crtx_vision_module/build/aruco_detect/CMakeFiles/CMakeTmp

Run Build Command:"/usr/bin/make" "cmTC_70413/fast"
/usr/bin/make -f CMakeFiles/cmTC_70413.dir/build.make CMakeFiles/cmTC_70413.dir/build
make[1]: Entering directory '/opt/crtx_vision_module/build/aruco_detect/CMakeFiles/CMakeTmp'
Building C object CMakeFiles/cmTC_70413.dir/CheckSymbolExists.c.o
/usr/bin/cc    -o CMakeFiles/cmTC_70413.dir/CheckSymbolExists.c.o   -c /opt/crtx_vision_module/build/aruco_detect/CMakeFiles/CMakeTmp/CheckSymbolExists.c
Linking C executable cmTC_70413
/usr/bin/cmake -E cmake_link_script CMakeFiles/cmTC_70413.dir/link.txt --verbose=1
/usr/bin/cc      -rdynamic CMakeFiles/cmTC_70413.dir/CheckSymbolExists.c.o  -o cmTC_70413 
CMakeFiles/cmTC_70413.dir/CheckSymbolExists.c.o: In function `main':
CheckSymbolExists.c:(.text+0x1b): undefined reference to `pthread_create'
collect2: error: ld returned 1 exit status
CMakeFiles/cmTC_70413.dir/build.make:97: recipe for target 'cmTC_70413' failed
make[1]: *** [cmTC_70413] Error 1
make[1]: Leaving directory '/opt/crtx_vision_module/build/aruco_detect/CMakeFiles/CMakeTmp'
Makefile:126: recipe for target 'cmTC_70413/fast' failed
make: *** [cmTC_70413/fast] Error 2

File /opt/crtx_vision_module/build/aruco_detect/CMakeFiles/CMakeTmp/CheckSymbolExists.c:
/* */
#include <pthread.h>

int main(int argc, char** argv)
{
  (void)argv;
#ifndef pthread_create
  return ((int*)(&pthread_create))[argc];
#else
  (void)argc;
  return 0;
#endif
}

Determining if the function pthread_create exists in the pthreads failed with the following output:
Change Dir: /opt/crtx_vision_module/build/aruco_detect/CMakeFiles/CMakeTmp

Run Build Command:"/usr/bin/make" "cmTC_202b6/fast"
/usr/bin/make -f CMakeFiles/cmTC_202b6.dir/build.make CMakeFiles/cmTC_202b6.dir/build
make[1]: Entering directory '/opt/crtx_vision_module/build/aruco_detect/CMakeFiles/CMakeTmp'
Building C object CMakeFiles/cmTC_202b6.dir/CheckFunctionExists.c.o
/usr/bin/cc   -DCHECK_FUNCTION_EXISTS=pthread_create   -o CMakeFiles/cmTC_202b6.dir/CheckFunctionExists.c.o   -c /usr/share/cmake-3.10/Modules/CheckFunctionExists.c
Linking C executable cmTC_202b6
/usr/bin/cmake -E cmake_link_script CMakeFiles/cmTC_202b6.dir/link.txt --verbose=1
/usr/bin/cc  -DCHECK_FUNCTION_EXISTS=pthread_create    -rdynamic CMakeFiles/cmTC_202b6.dir/CheckFunctionExists.c.o  -o cmTC_202b6 -lpthreads 
/usr/bin/ld: cannot find -lpthreads
collect2: error: ld returned 1 exit status
CMakeFiles/cmTC_202b6.dir/build.make:97: recipe for target 'cmTC_202b6' failed
make[1]: *** [cmTC_202b6] Error 1
make[1]: Leaving directory '/opt/crtx_vision_module/build/aruco_detect/CMakeFiles/CMakeTmp'
Makefile:126: recipe for target 'cmTC_202b6/fast' failed
make: *** [cmTC_202b6/fast] Error 2


