Determining if the pthread_create exist failed with the following output:
Change Dir: /opt/crtx_vision_module/build/data_base_recorder/CMakeFiles/CMakeTmp

Run Build Command:"/usr/bin/make" "cmTC_703f1/fast"
/usr/bin/make -f CMakeFiles/cmTC_703f1.dir/build.make CMakeFiles/cmTC_703f1.dir/build
make[1]: Entering directory '/opt/crtx_vision_module/build/data_base_recorder/CMakeFiles/CMakeTmp'
Building C object CMakeFiles/cmTC_703f1.dir/CheckSymbolExists.c.o
/usr/bin/cc    -o CMakeFiles/cmTC_703f1.dir/CheckSymbolExists.c.o   -c /opt/crtx_vision_module/build/data_base_recorder/CMakeFiles/CMakeTmp/CheckSymbolExists.c
Linking C executable cmTC_703f1
/usr/bin/cmake -E cmake_link_script CMakeFiles/cmTC_703f1.dir/link.txt --verbose=1
/usr/bin/cc      -rdynamic CMakeFiles/cmTC_703f1.dir/CheckSymbolExists.c.o  -o cmTC_703f1 
CMakeFiles/cmTC_703f1.dir/CheckSymbolExists.c.o: In function `main':
CheckSymbolExists.c:(.text+0x1b): undefined reference to `pthread_create'
collect2: error: ld returned 1 exit status
CMakeFiles/cmTC_703f1.dir/build.make:97: recipe for target 'cmTC_703f1' failed
make[1]: *** [cmTC_703f1] Error 1
make[1]: Leaving directory '/opt/crtx_vision_module/build/data_base_recorder/CMakeFiles/CMakeTmp'
Makefile:126: recipe for target 'cmTC_703f1/fast' failed
make: *** [cmTC_703f1/fast] Error 2

File /opt/crtx_vision_module/build/data_base_recorder/CMakeFiles/CMakeTmp/CheckSymbolExists.c:
/* */
#include <pthread.h>

int main(int argc, char** argv)
{
  (void)argv;
#ifndef pthread_create
  return ((int*)(&pthread_create))[argc];
#else
  (void)argc;
  return 0;
#endif
}

Determining if the function pthread_create exists in the pthreads failed with the following output:
Change Dir: /opt/crtx_vision_module/build/data_base_recorder/CMakeFiles/CMakeTmp

Run Build Command:"/usr/bin/make" "cmTC_c6482/fast"
/usr/bin/make -f CMakeFiles/cmTC_c6482.dir/build.make CMakeFiles/cmTC_c6482.dir/build
make[1]: Entering directory '/opt/crtx_vision_module/build/data_base_recorder/CMakeFiles/CMakeTmp'
Building C object CMakeFiles/cmTC_c6482.dir/CheckFunctionExists.c.o
/usr/bin/cc   -DCHECK_FUNCTION_EXISTS=pthread_create   -o CMakeFiles/cmTC_c6482.dir/CheckFunctionExists.c.o   -c /usr/share/cmake-3.10/Modules/CheckFunctionExists.c
Linking C executable cmTC_c6482
/usr/bin/cmake -E cmake_link_script CMakeFiles/cmTC_c6482.dir/link.txt --verbose=1
/usr/bin/cc  -DCHECK_FUNCTION_EXISTS=pthread_create    -rdynamic CMakeFiles/cmTC_c6482.dir/CheckFunctionExists.c.o  -o cmTC_c6482 -lpthreads 
/usr/bin/ld: cannot find -lpthreads
collect2: error: ld returned 1 exit status
CMakeFiles/cmTC_c6482.dir/build.make:97: recipe for target 'cmTC_c6482' failed
make[1]: *** [cmTC_c6482] Error 1
make[1]: Leaving directory '/opt/crtx_vision_module/build/data_base_recorder/CMakeFiles/CMakeTmp'
Makefile:126: recipe for target 'cmTC_c6482/fast' failed
make: *** [cmTC_c6482/fast] Error 2


