Linked: (/opt/crtx_vision_module/devel/.private/fiducial_slam/lib/pkgconfig/fiducial_slam.pc, /opt/crtx_vision_module/devel/lib/pkgconfig/fiducial_slam.pc)
Linked: (/opt/crtx_vision_module/devel/.private/fiducial_slam/lib/python2.7/dist-packages/fiducial_slam/__init__.py, /opt/crtx_vision_module/devel/lib/python2.7/dist-packages/fiducial_slam/__init__.py)
Linked: (/opt/crtx_vision_module/devel/.private/fiducial_slam/lib/python2.7/dist-packages/fiducial_slam/srv/_AddFiducial.py, /opt/crtx_vision_module/devel/lib/python2.7/dist-packages/fiducial_slam/srv/_AddFiducial.py)
Linked: (/opt/crtx_vision_module/devel/.private/fiducial_slam/lib/python2.7/dist-packages/fiducial_slam/srv/__init__.py, /opt/crtx_vision_module/devel/lib/python2.7/dist-packages/fiducial_slam/srv/__init__.py)
Linked: (/opt/crtx_vision_module/devel/.private/fiducial_slam/lib/fiducial_slam/fiducial_slam, /opt/crtx_vision_module/devel/lib/fiducial_slam/fiducial_slam)
Linked: (/opt/crtx_vision_module/devel/.private/fiducial_slam/include/fiducial_slam/AddFiducialRequest.h, /opt/crtx_vision_module/devel/include/fiducial_slam/AddFiducialRequest.h)
Linked: (/opt/crtx_vision_module/devel/.private/fiducial_slam/include/fiducial_slam/AddFiducial.h, /opt/crtx_vision_module/devel/include/fiducial_slam/AddFiducial.h)
Linked: (/opt/crtx_vision_module/devel/.private/fiducial_slam/include/fiducial_slam/AddFiducialResponse.h, /opt/crtx_vision_module/devel/include/fiducial_slam/AddFiducialResponse.h)
Linked: (/opt/crtx_vision_module/devel/.private/fiducial_slam/share/common-lisp/ros/fiducial_slam/srv/_package.lisp, /opt/crtx_vision_module/devel/share/common-lisp/ros/fiducial_slam/srv/_package.lisp)
Linked: (/opt/crtx_vision_module/devel/.private/fiducial_slam/share/common-lisp/ros/fiducial_slam/srv/fiducial_slam-srv.asd, /opt/crtx_vision_module/devel/share/common-lisp/ros/fiducial_slam/srv/fiducial_slam-srv.asd)
Linked: (/opt/crtx_vision_module/devel/.private/fiducial_slam/share/common-lisp/ros/fiducial_slam/srv/AddFiducial.lisp, /opt/crtx_vision_module/devel/share/common-lisp/ros/fiducial_slam/srv/AddFiducial.lisp)
Linked: (/opt/crtx_vision_module/devel/.private/fiducial_slam/share/common-lisp/ros/fiducial_slam/srv/_package_AddFiducial.lisp, /opt/crtx_vision_module/devel/share/common-lisp/ros/fiducial_slam/srv/_package_AddFiducial.lisp)
Linked: (/opt/crtx_vision_module/devel/.private/fiducial_slam/share/roseus/ros/fiducial_slam/manifest.l, /opt/crtx_vision_module/devel/share/roseus/ros/fiducial_slam/manifest.l)
Linked: (/opt/crtx_vision_module/devel/.private/fiducial_slam/share/roseus/ros/fiducial_slam/srv/AddFiducial.l, /opt/crtx_vision_module/devel/share/roseus/ros/fiducial_slam/srv/AddFiducial.l)
Linked: (/opt/crtx_vision_module/devel/.private/fiducial_slam/share/fiducial_slam/cmake/fiducial_slam-msg-extras.cmake, /opt/crtx_vision_module/devel/share/fiducial_slam/cmake/fiducial_slam-msg-extras.cmake)
Linked: (/opt/crtx_vision_module/devel/.private/fiducial_slam/share/fiducial_slam/cmake/fiducial_slamConfig-version.cmake, /opt/crtx_vision_module/devel/share/fiducial_slam/cmake/fiducial_slamConfig-version.cmake)
Linked: (/opt/crtx_vision_module/devel/.private/fiducial_slam/share/fiducial_slam/cmake/fiducial_slam-msg-paths.cmake, /opt/crtx_vision_module/devel/share/fiducial_slam/cmake/fiducial_slam-msg-paths.cmake)
Linked: (/opt/crtx_vision_module/devel/.private/fiducial_slam/share/fiducial_slam/cmake/fiducial_slamConfig.cmake, /opt/crtx_vision_module/devel/share/fiducial_slam/cmake/fiducial_slamConfig.cmake)
Linked: (/opt/crtx_vision_module/devel/.private/fiducial_slam/share/gennodejs/ros/fiducial_slam/_index.js, /opt/crtx_vision_module/devel/share/gennodejs/ros/fiducial_slam/_index.js)
Linked: (/opt/crtx_vision_module/devel/.private/fiducial_slam/share/gennodejs/ros/fiducial_slam/srv/_index.js, /opt/crtx_vision_module/devel/share/gennodejs/ros/fiducial_slam/srv/_index.js)
Linked: (/opt/crtx_vision_module/devel/.private/fiducial_slam/share/gennodejs/ros/fiducial_slam/srv/AddFiducial.js, /opt/crtx_vision_module/devel/share/gennodejs/ros/fiducial_slam/srv/AddFiducial.js)
