Symlinking /opt/crtx_vision_module/devel/lib/pkgconfig/fiducial_slam.pc
Symlinking /opt/crtx_vision_module/devel/lib/python2.7/dist-packages/fiducial_slam/__init__.py
Symlinking /opt/crtx_vision_module/devel/lib/python2.7/dist-packages/fiducial_slam/srv/_AddFiducial.py
Symlinking /opt/crtx_vision_module/devel/lib/python2.7/dist-packages/fiducial_slam/srv/__init__.py
Symlinking /opt/crtx_vision_module/devel/lib/fiducial_slam/fiducial_slam
Symlinking /opt/crtx_vision_module/devel/include/fiducial_slam/AddFiducialRequest.h
Symlinking /opt/crtx_vision_module/devel/include/fiducial_slam/AddFiducial.h
Symlinking /opt/crtx_vision_module/devel/include/fiducial_slam/AddFiducialResponse.h
Symlinking /opt/crtx_vision_module/devel/share/common-lisp/ros/fiducial_slam/srv/_package.lisp
Symlinking /opt/crtx_vision_module/devel/share/common-lisp/ros/fiducial_slam/srv/fiducial_slam-srv.asd
Symlinking /opt/crtx_vision_module/devel/share/common-lisp/ros/fiducial_slam/srv/AddFiducial.lisp
Symlinking /opt/crtx_vision_module/devel/share/common-lisp/ros/fiducial_slam/srv/_package_AddFiducial.lisp
Symlinking /opt/crtx_vision_module/devel/share/roseus/ros/fiducial_slam/manifest.l
Symlinking /opt/crtx_vision_module/devel/share/roseus/ros/fiducial_slam/srv/AddFiducial.l
Symlinking /opt/crtx_vision_module/devel/share/fiducial_slam/cmake/fiducial_slam-msg-extras.cmake
Symlinking /opt/crtx_vision_module/devel/share/fiducial_slam/cmake/fiducial_slamConfig-version.cmake
Symlinking /opt/crtx_vision_module/devel/share/fiducial_slam/cmake/fiducial_slam-msg-paths.cmake
Symlinking /opt/crtx_vision_module/devel/share/fiducial_slam/cmake/fiducial_slamConfig.cmake
Symlinking /opt/crtx_vision_module/devel/share/gennodejs/ros/fiducial_slam/_index.js
Symlinking /opt/crtx_vision_module/devel/share/gennodejs/ros/fiducial_slam/srv/_index.js
Symlinking /opt/crtx_vision_module/devel/share/gennodejs/ros/fiducial_slam/srv/AddFiducial.js
