[35m[1mScanning dependencies of target _fiducial_msgs_generate_messages_check_deps_Fiducial[0m
[35m[1mScanning dependencies of target _fiducial_msgs_generate_messages_check_deps_FiducialMapEntry[0m
[35m[1mScanning dependencies of target std_msgs_generate_messages_lisp[0m
[35m[1mScanning dependencies of target _fiducial_msgs_generate_messages_check_deps_FiducialArray[0m
[35m[1mScanning dependencies of target _fiducial_msgs_generate_messages_check_deps_InitializeMap[0m
[35m[1mScanning dependencies of target geometry_msgs_generate_messages_lisp[0m
[35m[1mScanning dependencies of target _fiducial_msgs_generate_messages_check_deps_FiducialTransformArray[0m
[  0%] Built target geometry_msgs_generate_messages_lisp
[  0%] Built target std_msgs_generate_messages_lisp
[35m[1mScanning dependencies of target _fiducial_msgs_generate_messages_check_deps_FiducialMapEntryArray[0m
[35m[1mScanning dependencies of target _fiducial_msgs_generate_messages_check_deps_FiducialTransform[0m
[  0%] Built target _fiducial_msgs_generate_messages_check_deps_FiducialMapEntry
[  0%] Built target _fiducial_msgs_generate_messages_check_deps_FiducialTransformArray
[  0%] Built target _fiducial_msgs_generate_messages_check_deps_Fiducial
[  0%] Built target _fiducial_msgs_generate_messages_check_deps_InitializeMap
[  0%] Built target _fiducial_msgs_generate_messages_check_deps_FiducialArray
[35m[1mScanning dependencies of target geometry_msgs_generate_messages_py[0m
[35m[1mScanning dependencies of target std_msgs_generate_messages_py[0m
[35m[1mScanning dependencies of target std_msgs_generate_messages_nodejs[0m
[35m[1mScanning dependencies of target geometry_msgs_generate_messages_nodejs[0m
[35m[1mScanning dependencies of target geometry_msgs_generate_messages_cpp[0m
[  0%] Built target std_msgs_generate_messages_py
[  0%] Built target geometry_msgs_generate_messages_py
[  0%] Built target std_msgs_generate_messages_nodejs
[  0%] Built target geometry_msgs_generate_messages_cpp
[  0%] Built target geometry_msgs_generate_messages_nodejs
[  0%] Built target _fiducial_msgs_generate_messages_check_deps_FiducialMapEntryArray
[  0%] Built target _fiducial_msgs_generate_messages_check_deps_FiducialTransform
[35m[1mScanning dependencies of target std_msgs_generate_messages_cpp[0m
[35m[1mScanning dependencies of target geometry_msgs_generate_messages_eus[0m
[35m[1mScanning dependencies of target fiducial_msgs_generate_messages_nodejs[0m
[35m[1mScanning dependencies of target fiducial_msgs_generate_messages_py[0m
[35m[1mScanning dependencies of target std_msgs_generate_messages_eus[0m
[35m[1mScanning dependencies of target fiducial_msgs_generate_messages_lisp[0m
[  0%] Built target std_msgs_generate_messages_cpp
[  0%] Built target geometry_msgs_generate_messages_eus
[  0%] Built target std_msgs_generate_messages_eus
[  5%] [34m[1mGenerating Javascript code from fiducial_msgs/FiducialMapEntry.msg[0m
[  5%] [34m[1mGenerating Javascript code from fiducial_msgs/Fiducial.msg[0m
[  7%] [34m[1mGenerating Python from MSG fiducial_msgs/FiducialMapEntry[0m
[ 10%] [34m[1mGenerating Python from MSG fiducial_msgs/Fiducial[0m
[ 13%] [34m[1mGenerating Lisp code from fiducial_msgs/FiducialMapEntry.msg[0m
[ 15%] [34m[1mGenerating Lisp code from fiducial_msgs/Fiducial.msg[0m
[ 18%] [34m[1mGenerating Lisp code from fiducial_msgs/FiducialMapEntryArray.msg[0m
[ 21%] [34m[1mGenerating Python from MSG fiducial_msgs/FiducialMapEntryArray[0m
[ 23%] [34m[1mGenerating Javascript code from fiducial_msgs/FiducialMapEntryArray.msg[0m
[ 26%] [34m[1mGenerating Lisp code from fiducial_msgs/FiducialTransform.msg[0m
[ 28%] [34m[1mGenerating Javascript code from fiducial_msgs/FiducialTransform.msg[0m
[ 31%] [34m[1mGenerating Python from MSG fiducial_msgs/FiducialTransform[0m
[ 34%] [34m[1mGenerating Lisp code from fiducial_msgs/FiducialTransformArray.msg[0m
[ 36%] [34m[1mGenerating Lisp code from fiducial_msgs/FiducialArray.msg[0m
[ 39%] [34m[1mGenerating Javascript code from fiducial_msgs/FiducialTransformArray.msg[0m
[ 42%] [34m[1mGenerating Lisp code from fiducial_msgs/InitializeMap.srv[0m
[ 44%] [34m[1mGenerating Python from MSG fiducial_msgs/FiducialTransformArray[0m
[ 47%] [34m[1mGenerating Javascript code from fiducial_msgs/FiducialArray.msg[0m
[ 50%] [34m[1mGenerating Javascript code from fiducial_msgs/InitializeMap.srv[0m
[ 50%] Built target fiducial_msgs_generate_messages_lisp
[35m[1mScanning dependencies of target fiducial_msgs_generate_messages_cpp[0m
[ 52%] [34m[1mGenerating Python from MSG fiducial_msgs/FiducialArray[0m
[35m[1mScanning dependencies of target fiducial_msgs_generate_messages_eus[0m
[ 55%] [34m[1mGenerating C++ code from fiducial_msgs/FiducialMapEntry.msg[0m
[ 60%] [34m[1mGenerating EusLisp code from fiducial_msgs/Fiducial.msg[0m
[ 60%] [34m[1mGenerating EusLisp code from fiducial_msgs/FiducialMapEntry.msg[0m
[ 63%] [34m[1mGenerating C++ code from fiducial_msgs/Fiducial.msg[0m
[ 63%] Built target fiducial_msgs_generate_messages_nodejs
[ 65%] [34m[1mGenerating EusLisp code from fiducial_msgs/FiducialMapEntryArray.msg[0m
[ 68%] [34m[1mGenerating Python code from SRV fiducial_msgs/InitializeMap[0m
[ 71%] [34m[1mGenerating C++ code from fiducial_msgs/FiducialMapEntryArray.msg[0m
[ 73%] [34m[1mGenerating C++ code from fiducial_msgs/FiducialTransform.msg[0m
[ 76%] [34m[1mGenerating EusLisp code from fiducial_msgs/FiducialTransform.msg[0m
[ 78%] [34m[1mGenerating EusLisp code from fiducial_msgs/FiducialTransformArray.msg[0m
[ 81%] [34m[1mGenerating C++ code from fiducial_msgs/FiducialTransformArray.msg[0m
[ 84%] [34m[1mGenerating C++ code from fiducial_msgs/FiducialArray.msg[0m
[ 86%] [34m[1mGenerating C++ code from fiducial_msgs/InitializeMap.srv[0m
[ 89%] [34m[1mGenerating EusLisp code from fiducial_msgs/FiducialArray.msg[0m
[ 92%] [34m[1mGenerating Python msg __init__.py for fiducial_msgs[0m
[ 94%] [34m[1mGenerating Python srv __init__.py for fiducial_msgs[0m
[ 97%] [34m[1mGenerating EusLisp code from fiducial_msgs/InitializeMap.srv[0m
[100%] [34m[1mGenerating EusLisp manifest code for fiducial_msgs[0m
[100%] Built target fiducial_msgs_generate_messages_py
[100%] Built target fiducial_msgs_generate_messages_cpp
[100%] Built target fiducial_msgs_generate_messages_eus
[35m[1mScanning dependencies of target fiducial_msgs_generate_messages[0m
[100%] Built target fiducial_msgs_generate_messages
