[35m[1mScanning dependencies of target _fiducial_msgs_generate_messages_check_deps_FiducialTransformArray[0m
[35m[1mScanning dependencies of target _fiducial_msgs_generate_messages_check_deps_InitializeMap[0m
[35m[1mScanning dependencies of target _fiducial_msgs_generate_messages_check_deps_FiducialArray[0m
[35m[1mScanning dependencies of target _fiducial_msgs_generate_messages_check_deps_FiducialMapEntry[0m
[35m[1mScanning dependencies of target geometry_msgs_generate_messages_lisp[0m
[35m[1mScanning dependencies of target std_msgs_generate_messages_lisp[0m
[35m[1mScanning dependencies of target _fiducial_msgs_generate_messages_check_deps_Fiducial[0m
[  0%] Built target geometry_msgs_generate_messages_lisp
[  0%] Built target std_msgs_generate_messages_lisp
[35m[1mScanning dependencies of target _fiducial_msgs_generate_messages_check_deps_FiducialMapEntryArray[0m
[35m[1mScanning dependencies of target _fiducial_msgs_generate_messages_check_deps_FiducialTransform[0m
[  0%] Built target _fiducial_msgs_generate_messages_check_deps_FiducialArray
[  0%] Built target _fiducial_msgs_generate_messages_check_deps_FiducialTransformArray
[  0%] Built target _fiducial_msgs_generate_messages_check_deps_InitializeMap
[  0%] Built target _fiducial_msgs_generate_messages_check_deps_Fiducial
[  0%] Built target _fiducial_msgs_generate_messages_check_deps_FiducialMapEntry
[35m[1mScanning dependencies of target geometry_msgs_generate_messages_py[0m
[35m[1mScanning dependencies of target std_msgs_generate_messages_nodejs[0m
[35m[1mScanning dependencies of target std_msgs_generate_messages_py[0m
[35m[1mScanning dependencies of target geometry_msgs_generate_messages_cpp[0m
[35m[1mScanning dependencies of target geometry_msgs_generate_messages_nodejs[0m
[  0%] Built target std_msgs_generate_messages_nodejs
[  0%] Built target geometry_msgs_generate_messages_py
[  0%] Built target std_msgs_generate_messages_py
[  0%] Built target geometry_msgs_generate_messages_nodejs
[  0%] Built target _fiducial_msgs_generate_messages_check_deps_FiducialMapEntryArray
[  0%] Built target _fiducial_msgs_generate_messages_check_deps_FiducialTransform
[  0%] Built target geometry_msgs_generate_messages_cpp
[35m[1mScanning dependencies of target geometry_msgs_generate_messages_eus[0m
[35m[1mScanning dependencies of target std_msgs_generate_messages_eus[0m
[35m[1mScanning dependencies of target std_msgs_generate_messages_cpp[0m
[35m[1mScanning dependencies of target fiducial_msgs_generate_messages_lisp[0m
[35m[1mScanning dependencies of target fiducial_msgs_generate_messages_py[0m
[35m[1mScanning dependencies of target fiducial_msgs_generate_messages_nodejs[0m
[  0%] Built target std_msgs_generate_messages_eus
[  0%] Built target geometry_msgs_generate_messages_eus
[  0%] Built target std_msgs_generate_messages_cpp
[ 18%] Built target fiducial_msgs_generate_messages_nodejs
[ 36%] Built target fiducial_msgs_generate_messages_lisp
[ 60%] Built target fiducial_msgs_generate_messages_py
[35m[1mScanning dependencies of target fiducial_msgs_generate_messages_cpp[0m
[35m[1mScanning dependencies of target fiducial_msgs_generate_messages_eus[0m
[ 97%] Built target fiducial_msgs_generate_messages_cpp
[100%] Built target fiducial_msgs_generate_messages_eus
[35m[1mScanning dependencies of target fiducial_msgs_generate_messages[0m
[100%] Built target fiducial_msgs_generate_messages
