[ 33%] Built target aruco_detect_gencfg
[ 33%] Built target actionlib_msgs_generate_messages_lisp
[ 33%] Built target std_msgs_generate_messages_eus
[ 33%] Built target actionlib_msgs_generate_messages_py
[ 33%] Built target actionlib_generate_messages_nodejs
[ 33%] Built target actionlib_generate_messages_eus
[ 33%] Built target geometry_msgs_generate_messages_py
[ 33%] Built target geometry_msgs_generate_messages_lisp
[ 33%] Built target actionlib_generate_messages_lisp
[ 33%] Built target geometry_msgs_generate_messages_cpp
[ 33%] Built target std_msgs_generate_messages_nodejs
[ 33%] Built target std_msgs_generate_messages_cpp
[ 33%] Built target sensor_msgs_generate_messages_lisp
[ 33%] Built target visualization_msgs_generate_messages_nodejs
[ 33%] Built target fiducial_msgs_generate_messages_lisp
[ 33%] Built target actionlib_msgs_generate_messages_nodejs
[ 33%] Built target tf2_msgs_generate_messages_cpp
[ 33%] Built target vision_msgs_generate_messages_lisp
[ 33%] Built target roscpp_generate_messages_cpp
[ 33%] Built target actionlib_generate_messages_cpp
[ 33%] Built target geometry_msgs_generate_messages_nodejs
[ 33%] Built target vision_msgs_generate_messages_py
[ 33%] Built target roscpp_generate_messages_lisp
[ 33%] Built target roscpp_generate_messages_nodejs
[ 33%] Built target std_msgs_generate_messages_lisp
[ 33%] Built target geometry_msgs_generate_messages_eus
[ 33%] Built target std_msgs_generate_messages_py
[ 33%] Built target roscpp_generate_messages_py
[ 33%] Built target rosgraph_msgs_generate_messages_cpp
[ 33%] Built target dynamic_reconfigure_generate_messages_cpp
[ 33%] Built target actionlib_msgs_generate_messages_cpp
[ 33%] Built target rosgraph_msgs_generate_messages_eus
[ 33%] Built target rosgraph_msgs_generate_messages_lisp
[ 33%] Built target rosgraph_msgs_generate_messages_nodejs
[ 33%] Built target tf2_msgs_generate_messages_py
[ 33%] Built target actionlib_generate_messages_py
[ 33%] Built target tf2_msgs_generate_messages_eus
[ 33%] Built target tf2_msgs_generate_messages_nodejs
[ 33%] Built target visualization_msgs_generate_messages_cpp
[ 33%] Built target visualization_msgs_generate_messages_py
[ 33%] Built target visualization_msgs_generate_messages_eus
[ 33%] Built target fiducial_msgs_generate_messages_nodejs
[ 33%] Built target dynamic_reconfigure_generate_messages_nodejs
[ 33%] Built target sensor_msgs_generate_messages_eus
[ 33%] Built target vision_msgs_generate_messages_nodejs
[ 33%] Built target vision_msgs_generate_messages_cpp
[ 33%] Built target vision_msgs_generate_messages_eus
[ 33%] Built target sensor_msgs_generate_messages_py
[ 33%] Built target sensor_msgs_generate_messages_cpp
[ 33%] Built target fiducial_msgs_generate_messages_cpp
[ 33%] Built target fiducial_msgs_generate_messages_eus
[ 33%] Built target fiducial_msgs_generate_messages_py
[ 33%] Built target dynamic_reconfigure_generate_messages_lisp
[ 33%] Built target tf2_msgs_generate_messages_lisp
[ 33%] Built target dynamic_reconfigure_generate_messages_eus
[ 33%] Built target dynamic_reconfigure_generate_messages_py
[ 33%] Built target dynamic_reconfigure_gencfg
[ 33%] Built target actionlib_msgs_generate_messages_eus
[ 33%] Built target roscpp_generate_messages_eus
[ 33%] Built target rosgraph_msgs_generate_messages_py
[ 33%] Built target sensor_msgs_generate_messages_nodejs
[ 33%] Built target visualization_msgs_generate_messages_lisp
[100%] Built target aruco_detect
