[35m[1mScanning dependencies of target std_msgs_generate_messages_eus[0m
[35m[1mScanning dependencies of target actionlib_generate_messages_nodejs[0m
[35m[1mScanning dependencies of target actionlib_generate_messages_eus[0m
[35m[1mScanning dependencies of target aruco_detect_gencfg[0m
[35m[1mScanning dependencies of target actionlib_msgs_generate_messages_py[0m
[35m[1mScanning dependencies of target actionlib_msgs_generate_messages_lisp[0m
[  0%] Built target actionlib_msgs_generate_messages_py
[  0%] Built target std_msgs_generate_messages_eus
[  0%] Built target actionlib_generate_messages_eus
[ 33%] [34m[1mGenerating dynamic reconfigure files from cfg/DetectorParams.cfg: /opt/crtx_vision_module/devel/.private/aruco_detect/include/aruco_detect/DetectorParamsConfig.h /opt/crtx_vision_module/devel/.private/aruco_detect/lib/python2.7/dist-packages/aruco_detect/cfg/DetectorParamsConfig.py[0m
[ 33%] Built target actionlib_generate_messages_nodejs
[ 33%] Built target actionlib_msgs_generate_messages_lisp
[35m[1mScanning dependencies of target geometry_msgs_generate_messages_lisp[0m
[35m[1mScanning dependencies of target actionlib_generate_messages_lisp[0m
[35m[1mScanning dependencies of target geometry_msgs_generate_messages_py[0m
[35m[1mScanning dependencies of target geometry_msgs_generate_messages_cpp[0m
[35m[1mScanning dependencies of target std_msgs_generate_messages_nodejs[0m
[ 33%] Built target actionlib_generate_messages_lisp
[ 33%] Built target geometry_msgs_generate_messages_py
[ 33%] Built target geometry_msgs_generate_messages_cpp
[ 33%] Built target geometry_msgs_generate_messages_lisp
[ 33%] Built target std_msgs_generate_messages_nodejs
[35m[1mScanning dependencies of target sensor_msgs_generate_messages_lisp[0m
[35m[1mScanning dependencies of target std_msgs_generate_messages_cpp[0m
[35m[1mScanning dependencies of target visualization_msgs_generate_messages_nodejs[0m
[ 33%] Built target sensor_msgs_generate_messages_lisp
[ 33%] Built target std_msgs_generate_messages_cpp
[35m[1mScanning dependencies of target fiducial_msgs_generate_messages_lisp[0m
[ 33%] Built target visualization_msgs_generate_messages_nodejs
[35m[1mScanning dependencies of target actionlib_msgs_generate_messages_nodejs[0m
Generating reconfiguration files for DetectorParams in aruco_detect
Wrote header file in /opt/crtx_vision_module/devel/.private/aruco_detect/include/aruco_detect/DetectorParamsConfig.h
[ 33%] Built target actionlib_msgs_generate_messages_nodejs
[ 33%] Built target fiducial_msgs_generate_messages_lisp
[35m[1mScanning dependencies of target tf2_msgs_generate_messages_cpp[0m
[ 33%] Built target tf2_msgs_generate_messages_cpp
[35m[1mScanning dependencies of target vision_msgs_generate_messages_lisp[0m
[35m[1mScanning dependencies of target roscpp_generate_messages_cpp[0m
[ 33%] Built target vision_msgs_generate_messages_lisp
[ 33%] Built target aruco_detect_gencfg
[35m[1mScanning dependencies of target actionlib_generate_messages_cpp[0m
[ 33%] Built target roscpp_generate_messages_cpp
[35m[1mScanning dependencies of target geometry_msgs_generate_messages_nodejs[0m
[35m[1mScanning dependencies of target vision_msgs_generate_messages_py[0m
[ 33%] Built target actionlib_generate_messages_cpp
[35m[1mScanning dependencies of target roscpp_generate_messages_lisp[0m
[ 33%] Built target geometry_msgs_generate_messages_nodejs
[ 33%] Built target vision_msgs_generate_messages_py
[ 33%] Built target roscpp_generate_messages_lisp
[35m[1mScanning dependencies of target std_msgs_generate_messages_lisp[0m
[35m[1mScanning dependencies of target roscpp_generate_messages_nodejs[0m
[ 33%] Built target std_msgs_generate_messages_lisp
[ 33%] Built target roscpp_generate_messages_nodejs
[35m[1mScanning dependencies of target std_msgs_generate_messages_py[0m
[35m[1mScanning dependencies of target geometry_msgs_generate_messages_eus[0m
[35m[1mScanning dependencies of target roscpp_generate_messages_py[0m
[ 33%] Built target geometry_msgs_generate_messages_eus
[ 33%] Built target std_msgs_generate_messages_py
[ 33%] Built target roscpp_generate_messages_py
[35m[1mScanning dependencies of target dynamic_reconfigure_generate_messages_cpp[0m
[35m[1mScanning dependencies of target rosgraph_msgs_generate_messages_cpp[0m
[ 33%] Built target rosgraph_msgs_generate_messages_cpp
[35m[1mScanning dependencies of target actionlib_msgs_generate_messages_cpp[0m
[ 33%] Built target dynamic_reconfigure_generate_messages_cpp
[35m[1mScanning dependencies of target rosgraph_msgs_generate_messages_eus[0m
[35m[1mScanning dependencies of target rosgraph_msgs_generate_messages_lisp[0m
[35m[1mScanning dependencies of target rosgraph_msgs_generate_messages_nodejs[0m
[ 33%] Built target actionlib_msgs_generate_messages_cpp
[35m[1mScanning dependencies of target actionlib_generate_messages_py[0m
[ 33%] Built target rosgraph_msgs_generate_messages_eus
[35m[1mScanning dependencies of target tf2_msgs_generate_messages_py[0m
[ 33%] Built target rosgraph_msgs_generate_messages_nodejs
[ 33%] Built target rosgraph_msgs_generate_messages_lisp
[ 33%] Built target actionlib_generate_messages_py
[ 33%] Built target tf2_msgs_generate_messages_py
[35m[1mScanning dependencies of target tf2_msgs_generate_messages_nodejs[0m
[35m[1mScanning dependencies of target tf2_msgs_generate_messages_eus[0m
[ 33%] Built target tf2_msgs_generate_messages_nodejs
[ 33%] Built target tf2_msgs_generate_messages_eus
[35m[1mScanning dependencies of target visualization_msgs_generate_messages_cpp[0m
[35m[1mScanning dependencies of target visualization_msgs_generate_messages_eus[0m
[ 33%] Built target visualization_msgs_generate_messages_cpp
[35m[1mScanning dependencies of target fiducial_msgs_generate_messages_nodejs[0m
[ 33%] Built target visualization_msgs_generate_messages_eus
[35m[1mScanning dependencies of target visualization_msgs_generate_messages_py[0m
[35m[1mScanning dependencies of target dynamic_reconfigure_generate_messages_nodejs[0m
[35m[1mScanning dependencies of target vision_msgs_generate_messages_eus[0m
[ 33%] Built target fiducial_msgs_generate_messages_nodejs
[35m[1mScanning dependencies of target vision_msgs_generate_messages_nodejs[0m
[ 33%] Built target visualization_msgs_generate_messages_py
[ 33%] Built target dynamic_reconfigure_generate_messages_nodejs
[35m[1mScanning dependencies of target sensor_msgs_generate_messages_eus[0m
[ 33%] Built target vision_msgs_generate_messages_eus
[ 33%] Built target vision_msgs_generate_messages_nodejs
[35m[1mScanning dependencies of target vision_msgs_generate_messages_cpp[0m
[ 33%] Built target sensor_msgs_generate_messages_eus
[ 33%] Built target vision_msgs_generate_messages_cpp
[35m[1mScanning dependencies of target sensor_msgs_generate_messages_py[0m
[35m[1mScanning dependencies of target sensor_msgs_generate_messages_cpp[0m
[35m[1mScanning dependencies of target fiducial_msgs_generate_messages_cpp[0m
[35m[1mScanning dependencies of target fiducial_msgs_generate_messages_eus[0m
[ 33%] Built target sensor_msgs_generate_messages_py
[35m[1mScanning dependencies of target fiducial_msgs_generate_messages_py[0m
[ 33%] Built target sensor_msgs_generate_messages_cpp
[ 33%] Built target fiducial_msgs_generate_messages_cpp
[ 33%] Built target fiducial_msgs_generate_messages_eus
[ 33%] Built target fiducial_msgs_generate_messages_py
[35m[1mScanning dependencies of target dynamic_reconfigure_generate_messages_eus[0m
[35m[1mScanning dependencies of target dynamic_reconfigure_generate_messages_lisp[0m
[35m[1mScanning dependencies of target dynamic_reconfigure_generate_messages_py[0m
[35m[1mScanning dependencies of target tf2_msgs_generate_messages_lisp[0m
[ 33%] Built target dynamic_reconfigure_generate_messages_eus
[ 33%] Built target dynamic_reconfigure_generate_messages_lisp
[35m[1mScanning dependencies of target dynamic_reconfigure_gencfg[0m
[ 33%] Built target dynamic_reconfigure_generate_messages_py
[ 33%] Built target tf2_msgs_generate_messages_lisp
[ 33%] Built target dynamic_reconfigure_gencfg
[35m[1mScanning dependencies of target roscpp_generate_messages_eus[0m
[35m[1mScanning dependencies of target actionlib_msgs_generate_messages_eus[0m
[ 33%] Built target roscpp_generate_messages_eus
[ 33%] Built target actionlib_msgs_generate_messages_eus
[35m[1mScanning dependencies of target sensor_msgs_generate_messages_nodejs[0m
[35m[1mScanning dependencies of target rosgraph_msgs_generate_messages_py[0m
[ 33%] Built target sensor_msgs_generate_messages_nodejs
[ 33%] Built target rosgraph_msgs_generate_messages_py
[35m[1mScanning dependencies of target visualization_msgs_generate_messages_lisp[0m
[ 33%] Built target visualization_msgs_generate_messages_lisp
[35m[1mScanning dependencies of target aruco_detect[0m
[ 66%] [32mBuilding CXX object CMakeFiles/aruco_detect.dir/src/aruco_detect.cpp.o[0m
[100%] [32m[1mLinking CXX executable /opt/crtx_vision_module/devel/.private/aruco_detect/lib/aruco_detect/aruco_detect[0m
[100%] Built target aruco_detect
