Determining if the pthread_create exist failed with the following output:
Change Dir: /opt/crtx_vision_module/build/fiducial_slam/CMakeFiles/CMakeTmp

Run Build Command:"/usr/bin/make" "cmTC_46582/fast"
/usr/bin/make -f CMakeFiles/cmTC_46582.dir/build.make CMakeFiles/cmTC_46582.dir/build
make[1]: Entering directory '/opt/crtx_vision_module/build/fiducial_slam/CMakeFiles/CMakeTmp'
Building C object CMakeFiles/cmTC_46582.dir/CheckSymbolExists.c.o
/usr/bin/cc    -o CMakeFiles/cmTC_46582.dir/CheckSymbolExists.c.o   -c /opt/crtx_vision_module/build/fiducial_slam/CMakeFiles/CMakeTmp/CheckSymbolExists.c
Linking C executable cmTC_46582
/usr/bin/cmake -E cmake_link_script CMakeFiles/cmTC_46582.dir/link.txt --verbose=1
/usr/bin/cc      -rdynamic CMakeFiles/cmTC_46582.dir/CheckSymbolExists.c.o  -o cmTC_46582 
CMakeFiles/cmTC_46582.dir/CheckSymbolExists.c.o: In function `main':
CheckSymbolExists.c:(.text+0x1b): undefined reference to `pthread_create'
collect2: error: ld returned 1 exit status
CMakeFiles/cmTC_46582.dir/build.make:97: recipe for target 'cmTC_46582' failed
make[1]: *** [cmTC_46582] Error 1
make[1]: Leaving directory '/opt/crtx_vision_module/build/fiducial_slam/CMakeFiles/CMakeTmp'
Makefile:126: recipe for target 'cmTC_46582/fast' failed
make: *** [cmTC_46582/fast] Error 2

File /opt/crtx_vision_module/build/fiducial_slam/CMakeFiles/CMakeTmp/CheckSymbolExists.c:
/* */
#include <pthread.h>

int main(int argc, char** argv)
{
  (void)argv;
#ifndef pthread_create
  return ((int*)(&pthread_create))[argc];
#else
  (void)argc;
  return 0;
#endif
}

Determining if the function pthread_create exists in the pthreads failed with the following output:
Change Dir: /opt/crtx_vision_module/build/fiducial_slam/CMakeFiles/CMakeTmp

Run Build Command:"/usr/bin/make" "cmTC_ca7e3/fast"
/usr/bin/make -f CMakeFiles/cmTC_ca7e3.dir/build.make CMakeFiles/cmTC_ca7e3.dir/build
make[1]: Entering directory '/opt/crtx_vision_module/build/fiducial_slam/CMakeFiles/CMakeTmp'
Building C object CMakeFiles/cmTC_ca7e3.dir/CheckFunctionExists.c.o
/usr/bin/cc   -DCHECK_FUNCTION_EXISTS=pthread_create   -o CMakeFiles/cmTC_ca7e3.dir/CheckFunctionExists.c.o   -c /usr/share/cmake-3.10/Modules/CheckFunctionExists.c
Linking C executable cmTC_ca7e3
/usr/bin/cmake -E cmake_link_script CMakeFiles/cmTC_ca7e3.dir/link.txt --verbose=1
/usr/bin/cc  -DCHECK_FUNCTION_EXISTS=pthread_create    -rdynamic CMakeFiles/cmTC_ca7e3.dir/CheckFunctionExists.c.o  -o cmTC_ca7e3 -lpthreads 
/usr/bin/ld: cannot find -lpthreads
collect2: error: ld returned 1 exit status
CMakeFiles/cmTC_ca7e3.dir/build.make:97: recipe for target 'cmTC_ca7e3' failed
make[1]: *** [cmTC_ca7e3] Error 1
make[1]: Leaving directory '/opt/crtx_vision_module/build/fiducial_slam/CMakeFiles/CMakeTmp'
Makefile:126: recipe for target 'cmTC_ca7e3/fast' failed
make: *** [cmTC_ca7e3/fast] Error 2


